<?xml version="1.0" encoding="UTF-8"?>
<!-- Generated by org.testng.reporters.JUnitReportReporter -->
<testsuite hostname="DESKTOP-NRLKFC5" failures="0" tests="1" name="tests.AddToCart" time="4.394" errors="0" timestamp="14 Aug 2022 20:14:18 GMT">
  <testcase classname="tests.AddToCart" name="checkAddToCart" time="4.394"/>
</testsuite> <!-- tests.AddToCart -->
